<?xml version="1.0" encoding="UTF-8"?>
<!-- Generated by org.testng.reporters.JUnitReportReporter -->
<testsuite hostname="Abdul-Ahad" name="AllocationCycle" tests="1" failures="0" timestamp="13 Oct 2017 22:24:56 GMT" time="170.684" errors="0">
  <testcase name="LaunchApplication" time="170.684" classname="AllocationCycle"/>
</testsuite> <!-- AllocationCycle -->
